android/build/outputs/logs/manifest-merger-release-report.txt
-- Merging decision tree log ---
manifest
ADDED from react-native-lomocoin-rongcloud/android/AndroidManifest.xml:1:1-158:12
INJECTED from react-native-lomocoin-rongcloud/android/AndroidManifest.xml:1:1-158:12
INJECTED from react-native-lomocoin-rongcloud/android/AndroidManifest.xml:1:1-158:12
INJECTED from react-native-lomocoin-rongcloud/android/AndroidManifest.xml:1:1-158:12
INJECTED from react-native-lomocoin-rongcloud/android/AndroidManifest.xml:1:1-158:12
INJECTED from react-native-lomocoin-rongcloud/android/AndroidManifest.xml:1:1-158:12
INJECTED from react-native-lomocoin-rongcloud/android/AndroidManifest.xml:1:1-158:12
	package
		ADDED from react-native-lomocoin-rongcloud/android/AndroidManifest.xml:2:11-39
		INJECTED from react-native-lomocoin-rongcloud/android/AndroidManifest.xml
		INJECTED from react-native-lomocoin-rongcloud/android/AndroidManifest.xml
	android:versionName
		INJECTED from react-native-lomocoin-rongcloud/android/AndroidManifest.xml
		ADDED from react-native-lomocoin-rongcloud/android/AndroidManifest.xml:1:1-158:12
		INJECTED from react-native-lomocoin-rongcloud/android/AndroidManifest.xml
	android:versionCode
		INJECTED from react-native-lomocoin-rongcloud/android/AndroidManifest.xml
		ADDED from react-native-lomocoin-rongcloud/android/AndroidManifest.xml:1:1-158:12
		INJECTED from react-native-lomocoin-rongcloud/android/AndroidManifest.xml
	xmlns:android
		ADDED from react-native-lomocoin-rongcloud/android/AndroidManifest.xml:1:11-69
uses-permission#android.permission.WRITE_EXTERNAL_STORAGE
ADDED from react-native-lomocoin-rongcloud/android/AndroidManifest.xml:6:5-81
	android:name
		ADDED from react-native-lomocoin-rongcloud/android/AndroidManifest.xml:6:22-78
uses-permission#android.permission.INTERNET
ADDED from react-native-lomocoin-rongcloud/android/AndroidManifest.xml:7:5-67
	android:name
		ADDED from react-native-lomocoin-rongcloud/android/AndroidManifest.xml:7:22-64
uses-permission#android.permission.ACCESS_NETWORK_STATE
ADDED from react-native-lomocoin-rongcloud/android/AndroidManifest.xml:8:5-79
	android:name
		ADDED from react-native-lomocoin-rongcloud/android/AndroidManifest.xml:8:22-76
uses-permission#android.permission.ACCESS_WIFI_STATE
ADDED from react-native-lomocoin-rongcloud/android/AndroidManifest.xml:9:5-76
	android:name
		ADDED from react-native-lomocoin-rongcloud/android/AndroidManifest.xml:9:22-73
uses-permission#android.permission.READ_PHONE_STATE
ADDED from react-native-lomocoin-rongcloud/android/AndroidManifest.xml:10:5-75
	android:name
		ADDED from react-native-lomocoin-rongcloud/android/AndroidManifest.xml:10:22-72
uses-permission#android.permission.RECORD_AUDIO
ADDED from react-native-lomocoin-rongcloud/android/AndroidManifest.xml:11:5-71
	android:name
		ADDED from react-native-lomocoin-rongcloud/android/AndroidManifest.xml:11:22-68
uses-permission#android.permission.GET_TASKS
ADDED from react-native-lomocoin-rongcloud/android/AndroidManifest.xml:12:5-68
	android:name
		ADDED from react-native-lomocoin-rongcloud/android/AndroidManifest.xml:12:22-65
uses-permission#android.permission.WAKE_LOCK
ADDED from react-native-lomocoin-rongcloud/android/AndroidManifest.xml:13:5-68
	android:name
		ADDED from react-native-lomocoin-rongcloud/android/AndroidManifest.xml:13:22-65
uses-permission#android.permission.MODIFY_AUDIO_SETTINGS
ADDED from react-native-lomocoin-rongcloud/android/AndroidManifest.xml:14:5-80
	android:name
		ADDED from react-native-lomocoin-rongcloud/android/AndroidManifest.xml:14:22-77
uses-permission#android.permission.VIBRATE
ADDED from react-native-lomocoin-rongcloud/android/AndroidManifest.xml:15:5-66
	android:name
		ADDED from react-native-lomocoin-rongcloud/android/AndroidManifest.xml:15:22-63
uses-permission#android.permission.ACCESS_FINE_LOCATION
ADDED from react-native-lomocoin-rongcloud/android/AndroidManifest.xml:16:5-79
	android:name
		ADDED from react-native-lomocoin-rongcloud/android/AndroidManifest.xml:16:22-76
uses-permission#android.permission.RECEIVE_BOOT_COMPLETED
ADDED from react-native-lomocoin-rongcloud/android/AndroidManifest.xml:17:5-81
	android:name
		ADDED from react-native-lomocoin-rongcloud/android/AndroidManifest.xml:17:22-78
application
ADDED from react-native-lomocoin-rongcloud/android/AndroidManifest.xml:27:5-156:19
service#io.rong.imlib.ipc.RongService
ADDED from react-native-lomocoin-rongcloud/android/AndroidManifest.xml:93:9-96:42
	android:process
		ADDED from react-native-lomocoin-rongcloud/android/AndroidManifest.xml:96:17-39
	android:exported
		ADDED from react-native-lomocoin-rongcloud/android/AndroidManifest.xml:95:17-40
	android:name
		ADDED from react-native-lomocoin-rongcloud/android/AndroidManifest.xml:94:17-61
service#io.rong.imlib.ReConnectService
ADDED from react-native-lomocoin-rongcloud/android/AndroidManifest.xml:98:9-100:43
	android:exported
		ADDED from react-native-lomocoin-rongcloud/android/AndroidManifest.xml:100:17-40
	android:name
		ADDED from react-native-lomocoin-rongcloud/android/AndroidManifest.xml:99:17-62
receiver#io.rong.imlib.ConnectChangeReceiver
ADDED from react-native-lomocoin-rongcloud/android/AndroidManifest.xml:102:9-104:43
	android:exported
		ADDED from react-native-lomocoin-rongcloud/android/AndroidManifest.xml:104:17-40
	android:name
		ADDED from react-native-lomocoin-rongcloud/android/AndroidManifest.xml:103:17-67
receiver#io.rong.imlib.HeartbeatReceiver
ADDED from react-native-lomocoin-rongcloud/android/AndroidManifest.xml:106:9-108:42
	android:process
		ADDED from react-native-lomocoin-rongcloud/android/AndroidManifest.xml:108:17-39
	android:name
		ADDED from react-native-lomocoin-rongcloud/android/AndroidManifest.xml:107:17-63
service#io.rong.push.core.PushRegistrationService
ADDED from react-native-lomocoin-rongcloud/android/AndroidManifest.xml:114:9-116:52
	android:exported
		ADDED from react-native-lomocoin-rongcloud/android/AndroidManifest.xml:116:17-41
	android:name
		ADDED from react-native-lomocoin-rongcloud/android/AndroidManifest.xml:115:17-73
service#io.rong.push.core.MessageHandleService
ADDED from react-native-lomocoin-rongcloud/android/AndroidManifest.xml:119:9-121:51
	android:exported
		ADDED from react-native-lomocoin-rongcloud/android/AndroidManifest.xml:121:17-40
	android:name
		ADDED from react-native-lomocoin-rongcloud/android/AndroidManifest.xml:120:17-70
service#io.rong.push.PushService
ADDED from react-native-lomocoin-rongcloud/android/AndroidManifest.xml:124:9-128:19
	android:process
		ADDED from react-native-lomocoin-rongcloud/android/AndroidManifest.xml:127:17-47
	android:exported
		ADDED from react-native-lomocoin-rongcloud/android/AndroidManifest.xml:126:17-40
	android:name
		ADDED from react-native-lomocoin-rongcloud/android/AndroidManifest.xml:125:17-56
receiver#io.rong.push.PushReceiver
ADDED from react-native-lomocoin-rongcloud/android/AndroidManifest.xml:131:9-151:20
	android:process
		ADDED from react-native-lomocoin-rongcloud/android/AndroidManifest.xml:133:17-47
	android:name
		ADDED from react-native-lomocoin-rongcloud/android/AndroidManifest.xml:132:17-57
intent-filter#action:name:io.rong.push.intent.action.HEART_BEAT
ADDED from react-native-lomocoin-rongcloud/android/AndroidManifest.xml:135:13-137:29
action#io.rong.push.intent.action.HEART_BEAT
ADDED from react-native-lomocoin-rongcloud/android/AndroidManifest.xml:136:17-80
	android:name
		ADDED from react-native-lomocoin-rongcloud/android/AndroidManifest.xml:136:25-77
intent-filter#action:name:android.net.conn.CONNECTIVITY_CHANGE
ADDED from react-native-lomocoin-rongcloud/android/AndroidManifest.xml:139:13-141:29
action#android.net.conn.CONNECTIVITY_CHANGE
ADDED from react-native-lomocoin-rongcloud/android/AndroidManifest.xml:140:17-79
	android:name
		ADDED from react-native-lomocoin-rongcloud/android/AndroidManifest.xml:140:25-76
intent-filter#action:name:android.intent.action.BOOT_COMPLETED
ADDED from react-native-lomocoin-rongcloud/android/AndroidManifest.xml:143:13-145:29
action#android.intent.action.BOOT_COMPLETED
ADDED from react-native-lomocoin-rongcloud/android/AndroidManifest.xml:144:17-79
	android:name
		ADDED from react-native-lomocoin-rongcloud/android/AndroidManifest.xml:144:25-76
intent-filter#action:name:android.intent.action.ACTION_POWER_CONNECTED+action:name:android.intent.action.ACTION_POWER_DISCONNECTED+action:name:android.intent.action.USER_PRESENT
ADDED from react-native-lomocoin-rongcloud/android/AndroidManifest.xml:146:13-150:29
action#android.intent.action.USER_PRESENT
ADDED from react-native-lomocoin-rongcloud/android/AndroidManifest.xml:147:17-77
	android:name
		ADDED from react-native-lomocoin-rongcloud/android/AndroidManifest.xml:147:25-74
action#android.intent.action.ACTION_POWER_CONNECTED
ADDED from react-native-lomocoin-rongcloud/android/AndroidManifest.xml:148:17-87
	android:name
		ADDED from react-native-lomocoin-rongcloud/android/AndroidManifest.xml:148:25-84
action#android.intent.action.ACTION_POWER_DISCONNECTED
ADDED from react-native-lomocoin-rongcloud/android/AndroidManifest.xml:149:17-90
	android:name
		ADDED from react-native-lomocoin-rongcloud/android/AndroidManifest.xml:149:25-87
uses-sdk
INJECTED from react-native-lomocoin-rongcloud/android/AndroidManifest.xml reason: use-sdk injection requested
INJECTED from react-native-lomocoin-rongcloud/android/AndroidManifest.xml
INJECTED from react-native-lomocoin-rongcloud/android/AndroidManifest.xml
INJECTED from react-native-lomocoin-rongcloud/android/AndroidManifest.xml
INJECTED from react-native-lomocoin-rongcloud/android/AndroidManifest.xml
	android:targetSdkVersion
		INJECTED from react-native-lomocoin-rongcloud/android/AndroidManifest.xml
		ADDED from react-native-lomocoin-rongcloud/android/AndroidManifest.xml
		INJECTED from react-native-lomocoin-rongcloud/android/AndroidManifest.xml
	android:minSdkVersion
		INJECTED from react-native-lomocoin-rongcloud/android/AndroidManifest.xml
		ADDED from react-native-lomocoin-rongcloud/android/AndroidManifest.xml
		INJECTED from react-native-lomocoin-rongcloud/android/AndroidManifest.xml